This is pdfTeX, Version 3.14159265-2.6-1.40.21 (TeX Live 2020) (preloaded format=pdflatex 2020.11.4)  21 APR 2021 21:40
entering extended mode
 restricted \write18 enabled.
 file:line:error style messages enabled.
 %&-line parsing enabled.
**miroir50.tex
(./miroir50.tex
LaTeX2e <2020-02-02> patch level 5
L3 programming layer <2020-03-06>

! LaTeX Error: File `../travail/preamb3011.tex' not found.

Type X to quit or <RETURN> to proceed,
or enter new name. (Default extension: tex)

Enter file name: 
./miroir50.tex:2: Emergency stop.
<read *> 
         
l.2     \input{../travail/preamb3011}
                                     ^^M
End of file on the terminal!

 
Here is how much of TeX's memory you used:
 19 strings out of 480608
 428 string characters out of 5903630
 239610 words of memory out of 5000000
 16010 multiletter control sequences out of 15000+600000
 532338 words of font info for 24 fonts, out of 8000000 for 9000
 1141 hyphenation exceptions out of 8191
 12i,0n,15p,70b,10s stack positions out of 5000i,500n,10000p,200000b,80000s
./miroir50.tex:2:  ==> Fatal error occurred, no output PDF file produced!
